<?xml version="1.0" encoding="UTF-8"?>
<testng-results ignored="0" total="1" passed="1" failed="0" skipped="0">
  <reporter-output>
  </reporter-output>
  <suite started-at="2023-09-15T13:50:07 IST" name="Regression" finished-at="2023-09-15T13:51:03 IST" duration-ms="56173">
    <groups>
    </groups>
    <test started-at="2023-09-15T13:50:07 IST" name="Regression 1" finished-at="2023-09-15T13:51:03 IST" duration-ms="56173">
      <class name="com.SeleniumTests.SimpleTest">
        <test-method signature="verifyTitle()[pri:0, instance:com.SeleniumTests.SimpleTest@644baf4a]" started-at="2023-09-15T13:50:07 IST" name="verifyTitle" finished-at="2023-09-15T13:51:03 IST" duration-ms="56118" status="PASS">
          <reporter-output>
          </reporter-output>
        </test-method> <!-- verifyTitle -->
      </class> <!-- com.SeleniumTests.SimpleTest -->
    </test> <!-- Regression 1 -->
  </suite> <!-- Regression -->
</testng-results>
